
             Description of Fit to CCF Peak and Cross-Correlation
	   NOAO/IRAF V2.16 mmarcano@spurious Mon 23:44:14 06-Apr-2020

Obj  = `2015-04-09T06:58:17.018.fits[1]'star = `________'
Temp = `2015-04-09T06:34:07.011.fits[1]'star = `________'
Deltav = 14.262 Km/sec                 Tempvel = INDEF Km/sec

Fit Parameters:
         Function = `gaussian'               Width = INDEF
           Height = 0.                    Minwidth = 3.
             Peak = no                    Maxwidth = 21.
          Weights = YES                 Background = 0.
        Wincenter = INDEF                   Window = INDEF

	Number of points fit = 21
	Number of iterations = 16
	Number of coeffs fit = 1 - 3
	Chi Squared of fit = 5.271E-5
	Fit Coefficients:
		c[1] =   0.6175  +/- 0.4263                     # Amplitude
		c[2] =   0.2777  +/- 205.00                     # Center
		c[3] = 952.1716  +/- 75754.9                    # Sigma^2
		c[4] =   0.0000  (fixed)                        # Background

	Mean Residual = 0.0112817
	Sigma of Residuals = 0.0195712
	Maximum of cross-correlation is in bin = 0.
	Variance of cross-correlation = 0.01942522
	HJD of observation = INDEF               MJD = INDEF
	Object sample used in correlation = `*'
	Template sample used in correlation = `*'
	Tonry&Davis R value = 22.47947

Velocity Results:
	Shift of peak = 0.2777 pixels
	Correlation height = 0.618
	FWHM of peak = 1036.293 Km/sec	(=72.66334 pixels)

	Velocity computed from shift = 3.9600 Km/sec
	Observed velocity = INDEF Km/sec
	Heliocentric velocity = INDEF +/- 34.664 Km/sec

Comments:
	WARNING: Using template velocity of 0 km/s.
	ERROR: Error getting 'DATE-OBS' from temp image header.
	ERROR: Error getting 'RA' from temp image header.
	ERROR: Error getting 'DEC' from temp image header.
	ERROR: Missing EPOCH keyword.
	ERROR: Missing exposure time keyword.
	

